{
  "RSpec": {
    "coverage": {
      "/Users/Berezhok/wkspaces/n-ix/test/url-shortener-code-test/url-shortener-code-test/lib/constraints/api_version_constraint.rb": {
        "lines": [
          1,
          1,
          1,
          null,
          1,
          1,
          1,
          null,
          null,
          1,
          5,
          null,
          null,
          1,
          null,
          1,
          5,
          5,
          null,
          null,
          null
        ]
      },
      "/Users/Berezhok/wkspaces/n-ix/test/url-shortener-code-test/url-shortener-code-test/app/models/link.rb": {
        "lines": [
          1,
          1,
          null,
          1,
          null,
          1,
          null,
          null,
          null,
          null,
          null,
          null
        ]
      },
      "/Users/Berezhok/wkspaces/n-ix/test/url-shortener-code-test/url-shortener-code-test/lib/constants.rb": {
        "lines": [
          1,
          1,
          1,
          null
        ]
      },
      "/Users/Berezhok/wkspaces/n-ix/test/url-shortener-code-test/url-shortener-code-test/lib/file_manager.rb": {
        "lines": [
          1,
          1,
          1,
          null,
          1,
          6,
          null,
          null,
          1,
          0,
          0,
          null,
          null,
          null,
          1,
          5,
          10,
          null,
          null,
          1,
          0,
          null,
          null
        ]
      },
      "/Users/Berezhok/wkspaces/n-ix/test/url-shortener-code-test/url-shortener-code-test/app/controllers/api/v1/links_controller.rb": {
        "lines": [
          1,
          1,
          1,
          1,
          5,
          5,
          2,
          null,
          3,
          null,
          null,
          null,
          1,
          1,
          1,
          null,
          null,
          1,
          null,
          1,
          5,
          null,
          null,
          null,
          null
        ]
      },
      "/Users/Berezhok/wkspaces/n-ix/test/url-shortener-code-test/url-shortener-code-test/app/controllers/api/v1/api_controller.rb": {
        "lines": [
          1,
          1,
          1,
          null,
          null
        ]
      },
      "/Users/Berezhok/wkspaces/n-ix/test/url-shortener-code-test/url-shortener-code-test/app/controllers/application_controller.rb": {
        "lines": [
          1,
          null
        ]
      },
      "/Users/Berezhok/wkspaces/n-ix/test/url-shortener-code-test/url-shortener-code-test/app/services/load_link_service.rb": {
        "lines": [
          1,
          1,
          1,
          null,
          null,
          1,
          1,
          null,
          null,
          1,
          null,
          1,
          2,
          null,
          null
        ]
      },
      "/Users/Berezhok/wkspaces/n-ix/test/url-shortener-code-test/url-shortener-code-test/app/decorators/link_decorator.rb": {
        "lines": [
          1,
          1,
          2,
          null,
          null,
          1,
          1,
          1,
          null,
          null
        ]
      },
      "/Users/Berezhok/wkspaces/n-ix/test/url-shortener-code-test/url-shortener-code-test/app/decorators/my_decorator.rb": {
        "lines": [
          1,
          1,
          1,
          6,
          null,
          null,
          1,
          6,
          null,
          null,
          null
        ]
      },
      "/Users/Berezhok/wkspaces/n-ix/test/url-shortener-code-test/url-shortener-code-test/app/services/generate_link_service.rb": {
        "lines": [
          1,
          1,
          5,
          5,
          5,
          null,
          null,
          1,
          5,
          5,
          5,
          null,
          null,
          1,
          null,
          1,
          5,
          null,
          null,
          1,
          5,
          null,
          null
        ]
      }
    },
    "timestamp": 1611597053
  }
}
